0 silly argv {
0 silly argv   _: [ 'version' ],
0 silly argv   lernaVersion: '3.22.1',
0 silly argv   '$0': 'C:\\Program Files\\nodejs\\node_modules\\lerna\\cli.js'
0 silly argv }
1 notice cli v3.22.1
2 verbose rootPath D:\code\dd-cli
3 info current version 1.0.0
4 silly isAnythingCommitted
5 verbose isAnythingCommitted 1
6 silly currentBranch
7 verbose currentBranch master
8 silly remoteBranchExists
9 silly isBehindUpstream
10 silly isBehindUpstream master is behind origin/master by 0 commit(s) and ahead by 1
11 silly hasTags
12 verbose hasTags false
13 info Assuming all packages changed
14 verbose updated @dd-cli/core
15 verbose updated @dd-cli/log
16 verbose git-describe undefined => "05e4bec"
17 silly git-describe parsed => {"refCount":"2","sha":"05e4bec","isDirty":false}
18 silly fixed for @dd-cli/core at D:\code\dd-cli\core\cli
19 verbose getChangelogConfig using preset "conventional-changelog-angular"
20 silly npa Result {
20 silly npa   type: 'tag',
20 silly npa   registry: true,
20 silly npa   where: undefined,
20 silly npa   raw: 'conventional-changelog-angular',
20 silly npa   name: 'conventional-changelog-angular',
20 silly npa   escapedName: 'conventional-changelog-angular',
20 silly npa   scope: undefined,
20 silly npa   rawSpec: '',
20 silly npa   saveSpec: null,
20 silly npa   fetchSpec: 'latest',
20 silly npa   gitRange: undefined,
20 silly npa   gitCommittish: undefined,
20 silly npa   hosted: undefined
20 silly npa }
21 verbose getChangelogConfig Attempting to resolve preset "conventional-changelog-angular"
22 info getChangelogConfig Successfully resolved preset "conventional-changelog-angular"
23 verbose fixed increment 1.0.9 by patch
24 silly fixed for @dd-cli/log at D:\code\dd-cli\utils\log
25 verbose fixed increment 1.0.9 by patch
26 info execute Creating releases...
27 silly lifecycle No script for "preversion" in "dd-cli", continuing
28 silly lifecycle No script for "preversion" in "@dd-cli/log", continuing
29 silly lifecycle No script for "version" in "@dd-cli/log", continuing
30 silly fixed for @dd-cli/log at D:\code\dd-cli\utils\log
31 silly fixed writing new entry: "## 1.0.10 (2021-01-30)\n\n**Note:** Version bump only for package @dd-cli/log\n\n\n\n"
32 verbose fixed wrote D:\code\dd-cli\utils\log\CHANGELOG.md
33 silly lifecycle No script for "preversion" in "@dd-cli/core", continuing
34 silly lifecycle No script for "version" in "@dd-cli/core", continuing
35 silly fixed for @dd-cli/core at D:\code\dd-cli\core\cli
36 silly fixed writing new entry: "## 1.0.10 (2021-01-30)\n\n**Note:** Version bump only for package @dd-cli/core\n\n\n\n"
37 verbose fixed wrote D:\code\dd-cli\core\cli\CHANGELOG.md
38 silly root for dd-cli at D:\code\dd-cli
39 silly root writing new entry: "## 1.0.10 (2021-01-30)\n\n**Note:** Version bump only for package dd-cli\n\n\n\n"
40 verbose root wrote D:\code\dd-cli\CHANGELOG.md
41 silly lifecycle No script for "version" in "dd-cli", continuing
42 silly gitAdd [
42 silly gitAdd   'utils/log/package.json',
42 silly gitAdd   'utils/log/CHANGELOG.md',
42 silly gitAdd   'core/cli/package.json',
42 silly gitAdd   'core/cli/CHANGELOG.md',
42 silly gitAdd   'CHANGELOG.md',
42 silly gitAdd   'lerna.json'
42 silly gitAdd ]
43 silly gitCommit v1.0.10
44 verbose git [ 'commit', '-m', 'v1.0.10' ]
45 silly gitTag v1.0.10
46 verbose git [ 'tag', 'v1.0.10', '-m', 'v1.0.10' ]
47 silly lifecycle No script for "postversion" in "@dd-cli/core", continuing
48 silly lifecycle No script for "postversion" in "@dd-cli/log", continuing
49 silly lifecycle No script for "postversion" in "dd-cli", continuing
50 info git Pushing tags...
51 silly gitPush origin master
52 silly parseGitRepo
53 verbose git [ 'config', '--get', 'remote.origin.url' ]
54 silly createGitHubClient
55 error Error: A GH_TOKEN environment variable is required.
55 error     at createGitHubClient (D:\code\dd-cli\node_modules\@lerna\github-client\lib\github-client.js:17:11)
55 error     at createClient (D:\code\dd-cli\node_modules\@lerna\version\lib\create-release.js:16:14)
55 error     at createRelease (D:\code\dd-cli\node_modules\@lerna\version\lib\create-release.js:25:18)
55 error     at D:\code\dd-cli\node_modules\@lerna\version\index.js:282:9
55 error     at D:\code\dd-cli\node_modules\p-waterfall\index.js:4:73
55 error     at D:\code\dd-cli\node_modules\p-reduce\index.js:16:10
